
Equation 8. Verifying [[EG P]] = νZ.([[P]] ∩ τEX(Z)) where P = p1n:
   This equation defines the semantics of the existential globally operator using a greatest fixpoint.
   νZ.f(Z) denotes the greatest fixpoint of the operation f(Z).
  Computing νZ.([[P]] ∩ τEX(Z)) as a greatest fixpoint:
  Starting with Z₀ = [[P]] and iterating:
    Iteration 0: Z_0 = current Z = {0, 5, 7}
    Next Iteration 0: Z_0 = next Z = {0, 5, 7}
    Fixed point reached at iteration 0
  Computed [[EG P]] = EG P = {0, 5, 7}
  Manually computed νZ.([[P]] ∩ τEX(Z)) = fixed point = {0, 5, 7}
  Equation holds: YES


Equation 8. Verifying [[EG P]] = νZ.([[P]] ∩ τEX(Z)) where P = p1t:
   This equation defines the semantics of the existential globally operator using a greatest fixpoint.
   νZ.f(Z) denotes the greatest fixpoint of the operation f(Z).
  Computing νZ.([[P]] ∩ τEX(Z)) as a greatest fixpoint:
  Starting with Z₀ = [[P]] and iterating:
    Iteration 0: Z_0 = current Z = {1, 3, 6, 8}
    Iteration 1: Z_1 = current Z = {1, 3, 6}
    Iteration 2: Z_2 = current Z = {1, 3}
    Iteration 3: Z_3 = current Z = {1}
    Iteration 4: Z_4 = current Z = {}
    Next Iteration 4: Z_4 = next Z = {}
    Fixed point reached at iteration 4
  Computed [[EG P]] = EG P = {}
  Manually computed νZ.([[P]] ∩ τEX(Z)) = fixed point = {}
  Equation holds: YES


Equation 8. Verifying [[EG P]] = νZ.([[P]] ∩ τEX(Z)) where P = p1c:
   This equation defines the semantics of the existential globally operator using a greatest fixpoint.
   νZ.f(Z) denotes the greatest fixpoint of the operation f(Z).
  Computing νZ.([[P]] ∩ τEX(Z)) as a greatest fixpoint:
  Starting with Z₀ = [[P]] and iterating:
    Iteration 0: Z_0 = current Z = {2, 4}
    Iteration 1: Z_1 = current Z = {2}
    Iteration 2: Z_2 = current Z = {}
    Next Iteration 2: Z_2 = next Z = {}
    Fixed point reached at iteration 2
  Computed [[EG P]] = EG P = {}
  Manually computed νZ.([[P]] ∩ τEX(Z)) = fixed point = {}
  Equation holds: YES


Equation 8. Verifying [[EG P]] = νZ.([[P]] ∩ τEX(Z)) where P = p2n:
   This equation defines the semantics of the existential globally operator using a greatest fixpoint.
   νZ.f(Z) denotes the greatest fixpoint of the operation f(Z).
  Computing νZ.([[P]] ∩ τEX(Z)) as a greatest fixpoint:
  Starting with Z₀ = [[P]] and iterating:
    Iteration 0: Z_0 = current Z = {0, 1, 2}
    Next Iteration 0: Z_0 = next Z = {0, 1, 2}
    Fixed point reached at iteration 0
  Computed [[EG P]] = EG P = {0, 1, 2}
  Manually computed νZ.([[P]] ∩ τEX(Z)) = fixed point = {0, 1, 2}
  Equation holds: YES


Equation 8. Verifying [[EG P]] = νZ.([[P]] ∩ τEX(Z)) where P = p2t:
   This equation defines the semantics of the existential globally operator using a greatest fixpoint.
   νZ.f(Z) denotes the greatest fixpoint of the operation f(Z).
  Computing νZ.([[P]] ∩ τEX(Z)) as a greatest fixpoint:
  Starting with Z₀ = [[P]] and iterating:
    Iteration 0: Z_0 = current Z = {3, 4, 5, 6}
    Iteration 1: Z_1 = current Z = {3, 4, 5}
    Iteration 2: Z_2 = current Z = {3, 4}
    Iteration 3: Z_3 = current Z = {3}
    Iteration 4: Z_4 = current Z = {}
    Next Iteration 4: Z_4 = next Z = {}
    Fixed point reached at iteration 4
  Computed [[EG P]] = EG P = {}
  Manually computed νZ.([[P]] ∩ τEX(Z)) = fixed point = {}
  Equation holds: YES


Equation 8. Verifying [[EG P]] = νZ.([[P]] ∩ τEX(Z)) where P = p2c:
   This equation defines the semantics of the existential globally operator using a greatest fixpoint.
   νZ.f(Z) denotes the greatest fixpoint of the operation f(Z).
  Computing νZ.([[P]] ∩ τEX(Z)) as a greatest fixpoint:
  Starting with Z₀ = [[P]] and iterating:
    Iteration 0: Z_0 = current Z = {7, 8}
    Iteration 1: Z_1 = current Z = {8}
    Iteration 2: Z_2 = current Z = {}
    Next Iteration 2: Z_2 = next Z = {}
    Fixed point reached at iteration 2
  Computed [[EG P]] = EG P = {}
  Manually computed νZ.([[P]] ∩ τEX(Z)) = fixed point = {}
  Equation holds: YES

