
Equation 11. Verifying [[EP UQ]] = μZ.([[Q]] ∪ ([[P]] ∩ τEX(Z))) where P = p1n, Q = p2n:
    This equation defines the semantics of the existential until operator using a least fixpoint.
    μZ.f(Z) denotes the least fixpoint of the operation f(Z).
  Computing μZ.([[Q]] ∪ ([[P]] ∩ τEX(Z))) as a least fixpoint:
  Starting with Z₀ = [[Q]] and iterating:
    Iteration 0: Z_0 = current Z = {0, 1, 2}
next Z = {0, 1, 2, 7}
    Iteration 1: Z_1 = current Z = {0, 1, 2, 7}
next Z = {0, 1, 2, 5, 7}
    Iteration 2: Z_2 = current Z = {0, 1, 2, 5, 7}
next Z = {0, 1, 2, 5, 7}
    Next Iteration 2: Z_2 = next Z = {0, 1, 2, 5, 7}
    Fixed point reached at iteration 2
  Computed [[EP UQ]] = EU = {0, 1, 2, 5, 7}
  Manually computed μZ.([[Q]] ∪ ([[P]] ∩ τEX(Z))) = fixed point = {0, 1, 2, 5, 7}
  Equation holds: YES


Equation 11. Verifying [[EP UQ]] = μZ.([[Q]] ∪ ([[P]] ∩ τEX(Z))) where P = p1n, Q = p2t:
    This equation defines the semantics of the existential until operator using a least fixpoint.
    μZ.f(Z) denotes the least fixpoint of the operation f(Z).
  Computing μZ.([[Q]] ∪ ([[P]] ∩ τEX(Z))) as a least fixpoint:
  Starting with Z₀ = [[Q]] and iterating:
    Iteration 0: Z_0 = current Z = {3, 4, 5, 6}
next Z = {0, 3, 4, 5, 6}
    Iteration 1: Z_1 = current Z = {0, 3, 4, 5, 6}
next Z = {0, 3, 4, 5, 6, 7}
    Iteration 2: Z_2 = current Z = {0, 3, 4, 5, 6, 7}
next Z = {0, 3, 4, 5, 6, 7}
    Next Iteration 2: Z_2 = next Z = {0, 3, 4, 5, 6, 7}
    Fixed point reached at iteration 2
  Computed [[EP UQ]] = EU = {0, 3, 4, 5, 6, 7}
  Manually computed μZ.([[Q]] ∪ ([[P]] ∩ τEX(Z))) = fixed point = {0, 3, 4, 5, 6, 7}
  Equation holds: YES


Equation 11. Verifying [[EP UQ]] = μZ.([[Q]] ∪ ([[P]] ∩ τEX(Z))) where P = p1n, Q = p2c:
    This equation defines the semantics of the existential until operator using a least fixpoint.
    μZ.f(Z) denotes the least fixpoint of the operation f(Z).
  Computing μZ.([[Q]] ∪ ([[P]] ∩ τEX(Z))) as a least fixpoint:
  Starting with Z₀ = [[Q]] and iterating:
    Iteration 0: Z_0 = current Z = {7, 8}
next Z = {5, 7, 8}
    Iteration 1: Z_1 = current Z = {5, 7, 8}
next Z = {0, 5, 7, 8}
    Iteration 2: Z_2 = current Z = {0, 5, 7, 8}
next Z = {0, 5, 7, 8}
    Next Iteration 2: Z_2 = next Z = {0, 5, 7, 8}
    Fixed point reached at iteration 2
  Computed [[EP UQ]] = EU = {0, 5, 7, 8}
  Manually computed μZ.([[Q]] ∪ ([[P]] ∩ τEX(Z))) = fixed point = {0, 5, 7, 8}
  Equation holds: YES


Equation 11. Verifying [[EP UQ]] = μZ.([[Q]] ∪ ([[P]] ∩ τEX(Z))) where P = p1t, Q = p2n:
    This equation defines the semantics of the existential until operator using a least fixpoint.
    μZ.f(Z) denotes the least fixpoint of the operation f(Z).
  Computing μZ.([[Q]] ∪ ([[P]] ∩ τEX(Z))) as a least fixpoint:
  Starting with Z₀ = [[Q]] and iterating:
    Iteration 0: Z_0 = current Z = {0, 1, 2}
next Z = {0, 1, 2}
    Next Iteration 0: Z_0 = next Z = {0, 1, 2}
    Fixed point reached at iteration 0
  Computed [[EP UQ]] = EU = {0, 1, 2}
  Manually computed μZ.([[Q]] ∪ ([[P]] ∩ τEX(Z))) = fixed point = {0, 1, 2}
  Equation holds: YES


Equation 11. Verifying [[EP UQ]] = μZ.([[Q]] ∪ ([[P]] ∩ τEX(Z))) where P = p1t, Q = p2t:
    This equation defines the semantics of the existential until operator using a least fixpoint.
    μZ.f(Z) denotes the least fixpoint of the operation f(Z).
  Computing μZ.([[Q]] ∪ ([[P]] ∩ τEX(Z))) as a least fixpoint:
  Starting with Z₀ = [[Q]] and iterating:
    Iteration 0: Z_0 = current Z = {3, 4, 5, 6}
next Z = {1, 3, 4, 5, 6}
    Iteration 1: Z_1 = current Z = {1, 3, 4, 5, 6}
next Z = {1, 3, 4, 5, 6}
    Next Iteration 1: Z_1 = next Z = {1, 3, 4, 5, 6}
    Fixed point reached at iteration 1
  Computed [[EP UQ]] = EU = {1, 3, 4, 5, 6}
  Manually computed μZ.([[Q]] ∪ ([[P]] ∩ τEX(Z))) = fixed point = {1, 3, 4, 5, 6}
  Equation holds: YES


Equation 11. Verifying [[EP UQ]] = μZ.([[Q]] ∪ ([[P]] ∩ τEX(Z))) where P = p1t, Q = p2c:
    This equation defines the semantics of the existential until operator using a least fixpoint.
    μZ.f(Z) denotes the least fixpoint of the operation f(Z).
  Computing μZ.([[Q]] ∪ ([[P]] ∩ τEX(Z))) as a least fixpoint:
  Starting with Z₀ = [[Q]] and iterating:
    Iteration 0: Z_0 = current Z = {7, 8}
next Z = {6, 7, 8}
    Iteration 1: Z_1 = current Z = {6, 7, 8}
next Z = {3, 6, 7, 8}
    Iteration 2: Z_2 = current Z = {3, 6, 7, 8}
next Z = {1, 3, 6, 7, 8}
    Iteration 3: Z_3 = current Z = {1, 3, 6, 7, 8}
next Z = {1, 3, 6, 7, 8}
    Next Iteration 3: Z_3 = next Z = {1, 3, 6, 7, 8}
    Fixed point reached at iteration 3
  Computed [[EP UQ]] = EU = {1, 3, 6, 7, 8}
  Manually computed μZ.([[Q]] ∪ ([[P]] ∩ τEX(Z))) = fixed point = {1, 3, 6, 7, 8}
  Equation holds: YES


Equation 11. Verifying [[EP UQ]] = μZ.([[Q]] ∪ ([[P]] ∩ τEX(Z))) where P = p1c, Q = p2n:
    This equation defines the semantics of the existential until operator using a least fixpoint.
    μZ.f(Z) denotes the least fixpoint of the operation f(Z).
  Computing μZ.([[Q]] ∪ ([[P]] ∩ τEX(Z))) as a least fixpoint:
  Starting with Z₀ = [[Q]] and iterating:
    Iteration 0: Z_0 = current Z = {0, 1, 2}
next Z = {0, 1, 2}
    Next Iteration 0: Z_0 = next Z = {0, 1, 2}
    Fixed point reached at iteration 0
  Computed [[EP UQ]] = EU = {0, 1, 2}
  Manually computed μZ.([[Q]] ∪ ([[P]] ∩ τEX(Z))) = fixed point = {0, 1, 2}
  Equation holds: YES


Equation 11. Verifying [[EP UQ]] = μZ.([[Q]] ∪ ([[P]] ∩ τEX(Z))) where P = p1c, Q = p2t:
    This equation defines the semantics of the existential until operator using a least fixpoint.
    μZ.f(Z) denotes the least fixpoint of the operation f(Z).
  Computing μZ.([[Q]] ∪ ([[P]] ∩ τEX(Z))) as a least fixpoint:
  Starting with Z₀ = [[Q]] and iterating:
    Iteration 0: Z_0 = current Z = {3, 4, 5, 6}
next Z = {2, 3, 4, 5, 6}
    Iteration 1: Z_1 = current Z = {2, 3, 4, 5, 6}
next Z = {2, 3, 4, 5, 6}
    Next Iteration 1: Z_1 = next Z = {2, 3, 4, 5, 6}
    Fixed point reached at iteration 1
  Computed [[EP UQ]] = EU = {2, 3, 4, 5, 6}
  Manually computed μZ.([[Q]] ∪ ([[P]] ∩ τEX(Z))) = fixed point = {2, 3, 4, 5, 6}
  Equation holds: YES


Equation 11. Verifying [[EP UQ]] = μZ.([[Q]] ∪ ([[P]] ∩ τEX(Z))) where P = p1c, Q = p2c:
    This equation defines the semantics of the existential until operator using a least fixpoint.
    μZ.f(Z) denotes the least fixpoint of the operation f(Z).
  Computing μZ.([[Q]] ∪ ([[P]] ∩ τEX(Z))) as a least fixpoint:
  Starting with Z₀ = [[Q]] and iterating:
    Iteration 0: Z_0 = current Z = {7, 8}
next Z = {7, 8}
    Next Iteration 0: Z_0 = next Z = {7, 8}
    Fixed point reached at iteration 0
  Computed [[EP UQ]] = EU = {7, 8}
  Manually computed μZ.([[Q]] ∪ ([[P]] ∩ τEX(Z))) = fixed point = {7, 8}
  Equation holds: YES

