
Equation 5. Verifying [[EX P]] = τEX([[P]]) where P = p1n:
   This equation defines the semantics of the existential next operator in CTL.
   τEX(Z) = {s ∈ W : t ∈ Z for some state t with s y t}
  Computing τEX manually:
  Computed [[EX P]] = EX P = {0, 2, 4, 5, 7, 8}
  Manually computed τEX([[P]]) = τEX = {0, 2, 4, 5, 7, 8}
  Equation holds: YES


Equation 5. Verifying [[EX P]] = τEX([[P]]) where P = p1t:
   This equation defines the semantics of the existential next operator in CTL.
   τEX(Z) = {s ∈ W : t ∈ Z for some state t with s y t}
  Computing τEX manually:
  Computed [[EX P]] = EX P = {0, 1, 3, 5, 6}
  Manually computed τEX([[P]]) = τEX = {0, 1, 3, 5, 6}
  Equation holds: YES


Equation 5. Verifying [[EX P]] = τEX([[P]]) where P = p1c:
   This equation defines the semantics of the existential next operator in CTL.
   τEX(Z) = {s ∈ W : t ∈ Z for some state t with s y t}
  Computing τEX manually:
  Computed [[EX P]] = EX P = {1, 2, 3}
  Manually computed τEX([[P]]) = τEX = {1, 2, 3}
  Equation holds: YES


Equation 5. Verifying [[EX P]] = τEX([[P]]) where P = p2n:
   This equation defines the semantics of the existential next operator in CTL.
   τEX(Z) = {s ∈ W : t ∈ Z for some state t with s y t}
  Computing τEX manually:
  Computed [[EX P]] = EX P = {0, 1, 2, 7}
  Manually computed τEX([[P]]) = τEX = {0, 1, 2, 7}
  Equation holds: YES


Equation 5. Verifying [[EX P]] = τEX([[P]]) where P = p2t:
   This equation defines the semantics of the existential next operator in CTL.
   τEX(Z) = {s ∈ W : t ∈ Z for some state t with s y t}
  Computing τEX manually:
  Computed [[EX P]] = EX P = {0, 1, 2, 3, 4, 5}
  Manually computed τEX([[P]]) = τEX = {0, 1, 2, 3, 4, 5}
  Equation holds: YES


Equation 5. Verifying [[EX P]] = τEX([[P]]) where P = p2c:
   This equation defines the semantics of the existential next operator in CTL.
   τEX(Z) = {s ∈ W : t ∈ Z for some state t with s y t}
  Computing τEX manually:
  Computed [[EX P]] = EX P = {5, 6, 8}
  Manually computed τEX([[P]]) = τEX = {5, 6, 8}
  Equation holds: YES

